Using pre-set license
Built from '2020.3/release' branch; Version is '2020.3.27f1 (e759542391ea) revision 15161684'; Using compiler version '192528614'; Build Type 'Release'
OS: 'Windows 10  (10.0.19042) 64bit Professional' Language: 'en' Physical Memory: 16334 MB
BatchMode: 1, IsHumanControllingUs: 0, StartBugReporterOnCrash: 0, Is64bit: 1, IsPro: 0

COMMAND LINE ARGUMENTS:
C:\Program Files\Unity\Hub\Editor\2020.3.27f1\Editor\Unity.exe
-adb2
-batchMode
-noUpm
-name
AssetImportWorker0
-projectPath
C:/Users/Benjamin/Documents/GitHub/GDS_22T1_PigeonPoopClicker
-logFile
Logs/AssetImportWorker0.log
-srvPort
58427
Successfully changed project path to: C:/Users/Benjamin/Documents/GitHub/GDS_22T1_PigeonPoopClicker
C:/Users/Benjamin/Documents/GitHub/GDS_22T1_PigeonPoopClicker
Using Asset Import Pipeline V2.
Refreshing native plugins compatible for Editor in 30.48 ms, found 2 plugins.
Preloading 0 native plugins for Editor in 0.00 ms.
Initialize engine version: 2020.3.27f1 (e759542391ea)
[Subsystems] Discovering subsystems at path C:/Program Files/Unity/Hub/Editor/2020.3.27f1/Editor/Data/Resources/UnitySubsystems
[Subsystems] Discovering subsystems at path C:/Users/Benjamin/Documents/GitHub/GDS_22T1_PigeonPoopClicker/Assets
GfxDevice: creating device client; threaded=0
Direct3D:
    Version:  Direct3D 11.0 [level 11.1]
    Renderer: AMD Radeon RX 5700 XT (ID=0x731f)
    Vendor:   
    VRAM:     7806 MB
    Driver:   30.0.13031.5001
Initialize mono
Mono path[0] = 'C:/Program Files/Unity/Hub/Editor/2020.3.27f1/Editor/Data/Managed'
Mono path[1] = 'C:/Program Files/Unity/Hub/Editor/2020.3.27f1/Editor/Data/MonoBleedingEdge/lib/mono/unityjit'
Mono config path = 'C:/Program Files/Unity/Hub/Editor/2020.3.27f1/Editor/Data/MonoBleedingEdge/etc'
Using monoOptions --debugger-agent=transport=dt_socket,embedding=1,server=y,suspend=n,address=127.0.0.1:56064
Begin MonoManager ReloadAssembly
Registering precompiled unity dll's ...
Register platform support module: C:/Program Files/Unity/Hub/Editor/2020.3.27f1/Editor/Data/PlaybackEngines/WindowsStandaloneSupport/UnityEditor.WindowsStandalone.Extensions.dll
Registered in 0.001613 seconds.
Native extension for WindowsStandalone target not found
Refreshing native plugins compatible for Editor in 31.80 ms, found 2 plugins.
Preloading 0 native plugins for Editor in 0.00 ms.
Mono: successfully reloaded assembly
- Completed reload, in  0.514 seconds
Domain Reload Profiling:
	ReloadAssembly (514ms)
		BeginReloadAssembly (54ms)
			ExecutionOrderSort (0ms)
			DisableScriptedObjects (0ms)
			BackupInstance (0ms)
			ReleaseScriptingObjects (0ms)
			CreateAndSetChildDomain (1ms)
		EndReloadAssembly (396ms)
			LoadAssemblies (53ms)
			RebuildTransferFunctionScriptingTraits (0ms)
			SetupTypeCache (125ms)
			ReleaseScriptCaches (0ms)
			RebuildScriptCaches (29ms)
			SetupLoadedEditorAssemblies (146ms)
				LogAssemblyErrors (0ms)
				InitializePlatformSupportModulesInManaged (4ms)
				SetLoadedEditorAssemblies (0ms)
				RefreshPlugins (32ms)
				BeforeProcessingInitializeOnLoad (16ms)
				ProcessInitializeOnLoadAttributes (70ms)
				ProcessInitializeOnLoadMethodAttributes (24ms)
				AfterProcessingInitializeOnLoad (0ms)
				EditorAssembliesLoaded (0ms)
			ExecutionOrderSort2 (0ms)
			AwakeInstancesAfterBackupRestoration (0ms)
Platform modules already initialized, skipping
Registering precompiled user dll's ...
Registered in 0.004262 seconds.
Begin MonoManager ReloadAssembly
Native extension for WindowsStandalone target not found
Refreshing native plugins compatible for Editor in 0.36 ms, found 2 plugins.
Preloading 0 native plugins for Editor in 0.00 ms.
Mono: successfully reloaded assembly
- Completed reload, in  0.848 seconds
Domain Reload Profiling:
	ReloadAssembly (849ms)
		BeginReloadAssembly (127ms)
			ExecutionOrderSort (0ms)
			DisableScriptedObjects (4ms)
			BackupInstance (0ms)
			ReleaseScriptingObjects (0ms)
			CreateAndSetChildDomain (17ms)
		EndReloadAssembly (669ms)
			LoadAssemblies (78ms)
			RebuildTransferFunctionScriptingTraits (0ms)
			SetupTypeCache (232ms)
			ReleaseScriptCaches (0ms)
			RebuildScriptCaches (35ms)
			SetupLoadedEditorAssemblies (255ms)
				LogAssemblyErrors (0ms)
				InitializePlatformSupportModulesInManaged (4ms)
				SetLoadedEditorAssemblies (0ms)
				RefreshPlugins (0ms)
				BeforeProcessingInitializeOnLoad (69ms)
				ProcessInitializeOnLoadAttributes (167ms)
				ProcessInitializeOnLoadMethodAttributes (8ms)
				AfterProcessingInitializeOnLoad (6ms)
				EditorAssembliesLoaded (0ms)
			ExecutionOrderSort2 (0ms)
			AwakeInstancesAfterBackupRestoration (5ms)
Platform modules already initialized, skipping
========================================================================
Worker process is ready to serve import requests
Launched and connected shader compiler UnityShaderCompiler.exe after 0.05 seconds
Refreshing native plugins compatible for Editor in 0.36 ms, found 2 plugins.
Preloading 0 native plugins for Editor in 0.00 ms.
Unloading 1507 Unused Serialized files (Serialized files now loaded: 0)
System memory in use before: 70.0 MB.
System memory in use after: 70.0 MB.

Unloading 19 unused Assets to reduce memory usage. Loaded Objects now: 1942.
Total: 2.527500 ms (FindLiveObjects: 0.121400 ms CreateObjectMapping: 0.032800 ms MarkObjects: 2.321300 ms  DeleteObjects: 0.051200 ms)

AssetImportParameters requested are different than current active one (requested -> active):
  custom:framework-win-MediaFoundation: 216162199b28c13a410421893ffa2e32 -> 
  custom:video-decoder-ogg-theora: a1e56fd34408186e4bbccfd4996cb3dc -> 
  custom:container-muxer-webm: aa71ff27fc2769a1b78a27578f13a17b -> 
  custom:container-demuxer-webm: 4f35f7cbe854078d1ac9338744f61a02 -> 
  custom:container-demuxer-ogg: 62fdf1f143b41e24485cea50d1cbac27 -> 
  custom:video-encoder-webm-vp8: eb34c28f22e8b96e1ab97ce403110664 -> 
  custom:video-decoder-webm-vp8: 9c59270c3fd7afecdb556c50c9e8de78 -> 
  custom:audio-decoder-ogg-vorbis: bf7c407c2cedff20999df2af8eb42d56 -> 
  custom:audio-encoder-webm-vorbis: bf7c407c2cedff20999df2af8eb42d56 -> 
========================================================================
Received Import Request.
  path: Assets/Sounds
  artifactKey: Guid(64b2ec1946f933f4480a830d65e5bc93) Importer(815301076,1909f56bfc062723c751e8b465ee728b)
Start importing Assets/Sounds using Guid(64b2ec1946f933f4480a830d65e5bc93) Importer(815301076,1909f56bfc062723c751e8b465ee728b)  -> (artifact id: '8cccde6dde76eaafe4adafe4a455b953') in 0.006966 seconds 
  Import took 0.009813 seconds .

========================================================================
Received Import Request.
  Time since last request: 8.952601 seconds.
  path: Assets/Sounds/560437__migfus20__panic-background-music.mp3
  artifactKey: Guid(c02d7c159f11d954c833f39c3760442b) Importer(815301076,1909f56bfc062723c751e8b465ee728b)
Start importing Assets/Sounds/560437__migfus20__panic-background-music.mp3 using Guid(c02d7c159f11d954c833f39c3760442b) Importer(815301076,1909f56bfc062723c751e8b465ee728b)  -> (artifact id: '39bb10d74479a4c65980ec8661b8bf07') in 0.080305 seconds 
  Import took 0.082734 seconds .

========================================================================
Received Import Request.
  Time since last request: 23.065227 seconds.
  path: Assets/Sounds/232135__yottasounds__splat-005.wav
  artifactKey: Guid(3d406d846b289c34ebbca9b9ff8a0337) Importer(815301076,1909f56bfc062723c751e8b465ee728b)
Start importing Assets/Sounds/232135__yottasounds__splat-005.wav using Guid(3d406d846b289c34ebbca9b9ff8a0337) Importer(815301076,1909f56bfc062723c751e8b465ee728b)  -> (artifact id: '1e6788b2e2343b3d16e8283a4b88be29') in 0.042778 seconds 
  Import took 0.045287 seconds .

========================================================================
Received Import Request.
  Time since last request: 2.455694 seconds.
  path: Assets/Sounds/353543__maxmakessounds__happy-theme.wav
  artifactKey: Guid(ace414ba8f7dff44583c672337519d46) Importer(815301076,1909f56bfc062723c751e8b465ee728b)
Start importing Assets/Sounds/353543__maxmakessounds__happy-theme.wav using Guid(ace414ba8f7dff44583c672337519d46) Importer(815301076,1909f56bfc062723c751e8b465ee728b)  -> (artifact id: 'da916805a2fcd29dcc81791ca8d082df') in 0.010338 seconds 
  Import took 0.013035 seconds .

========================================================================
Received Import Request.
  Time since last request: 2.526448 seconds.
  path: Assets/Sounds/32257__zin__trance-pulse-2-140bpm.wav
  artifactKey: Guid(61d9492a4fd4d7e40ab276ca6cfefff5) Importer(815301076,1909f56bfc062723c751e8b465ee728b)
Start importing Assets/Sounds/32257__zin__trance-pulse-2-140bpm.wav using Guid(61d9492a4fd4d7e40ab276ca6cfefff5) Importer(815301076,1909f56bfc062723c751e8b465ee728b)  -> (artifact id: '4090d04ff615840cf7ef6fe10ca220b2') in 0.012049 seconds 
  Import took 0.014214 seconds .

AssetImportWorkerClient::OnTransportError - code=2 error=End of file
